[debug] [2021-01-09T00:03:02.314Z] ----------------------------------------------------------------------
[debug] [2021-01-09T00:03:02.315Z] Command:       C:\Program Files\nodejs\node.exe C:\Users\d\AppData\Roaming\npm\node_modules\firebase-tools\lib\bin\firebase.js init
[debug] [2021-01-09T00:03:02.316Z] CLI Version:   9.1.2
[debug] [2021-01-09T00:03:02.316Z] Platform:      win32
[debug] [2021-01-09T00:03:02.316Z] Node Version:  v14.15.1
[debug] [2021-01-09T00:03:02.318Z] Time:          Fri Jan 08 2021 19:03:02 GMT-0500 (Eastern Standard Time)
[debug] [2021-01-09T00:03:02.318Z] ----------------------------------------------------------------------
[debug] [2021-01-09T00:03:02.318Z] 
[debug] [2021-01-09T00:03:02.324Z] > command requires scopes: ["email","openid","https://www.googleapis.com/auth/cloudplatformprojects.readonly","https://www.googleapis.com/auth/firebase","https://www.googleapis.com/auth/cloud-platform"]
[debug] [2021-01-09T00:03:02.325Z] > authorizing via signed-in user
[info] 
     ######## #### ########  ######## ########     ###     ######  ########
     ##        ##  ##     ## ##       ##     ##  ##   ##  ##       ##
     ######    ##  ########  ######   ########  #########  ######  ######
     ##        ##  ##    ##  ##       ##     ## ##     ##       ## ##
     ##       #### ##     ## ######## ########  ##     ##  ######  ########

You're about to initialize a Firebase project in this directory:

  C:\Users\d\Desktop\React-app\airbnb-clone

Before we get started, keep in mind:

  * You are initializing in an existing Firebase project directory

[info] 
=== Project Setup
[info] 
[info] First, let's associate this project directory with a Firebase project.
[info] You can create multiple project aliases by running firebase use --add, 
[info] but for now we'll just set up a default project.
[info] 
[info] i  .firebaserc already has a default project, using airbnb-clone-8b4bf. 
[debug] [2021-01-09T00:03:08.834Z] >>> HTTP REQUEST GET https://firebase.googleapis.com/v1beta1/projects/airbnb-clone-8b4bf  
 
[debug] [2021-01-09T00:03:09.053Z] <<< HTTP RESPONSE 200 {"content-type":"application/json; charset=UTF-8","vary":"X-Origin, Referer, Origin,Accept-Encoding","date":"Sat, 09 Jan 2021 00:03:09 GMT","server":"ESF","cache-control":"private","x-xss-protection":"0","x-frame-options":"SAMEORIGIN","x-content-type-options":"nosniff","alt-svc":"h3-29=\":443\"; ma=2592000,h3-T051=\":443\"; ma=2592000,h3-Q050=\":443\"; ma=2592000,h3-Q046=\":443\"; ma=2592000,h3-Q043=\":443\"; ma=2592000,quic=\":443\"; ma=2592000; v=\"46,43\"","accept-ranges":"none","transfer-encoding":"chunked"}
[info] 
=== Hosting Setup
[info] 
[info] Your public directory is the folder (relative to your project directory) that
[info] will contain Hosting assets to be uploaded with firebase deploy. If you
[info] have a build process for your assets, use your build's output directory.
[info] 
